d:\programing\c++\bank_system_with_users\banksystem\debug\vc143.pdb
d:\programing\c++\bank_system_with_users\banksystem\debug\vc143.idb
d:\programing\c++\bank_system_with_users\banksystem\debug\banksystem.obj
d:\programing\c++\bank_system_with_users\banksystem\debug\banksystem.pdb
d:\programing\c++\bank_system_with_users\banksystem\debug\banksystem.tlog\cl.command.1.tlog
d:\programing\c++\bank_system_with_users\banksystem\debug\banksystem.tlog\cl.read.1.tlog
d:\programing\c++\bank_system_with_users\banksystem\debug\banksystem.tlog\cl.write.1.tlog
d:\programing\c++\bank_system_with_users\banksystem\debug\banksystem.tlog\link-cvtres.read.1.tlog
d:\programing\c++\bank_system_with_users\banksystem\debug\banksystem.tlog\link-cvtres.write.1.tlog
d:\programing\c++\bank_system_with_users\banksystem\debug\banksystem.tlog\link-rc.read.1.tlog
d:\programing\c++\bank_system_with_users\banksystem\debug\banksystem.tlog\link-rc.write.1.tlog
d:\programing\c++\bank_system_with_users\banksystem\debug\banksystem.tlog\link.10332-cvtres.read.1.tlog
d:\programing\c++\bank_system_with_users\banksystem\debug\banksystem.tlog\link.10332-cvtres.write.1.tlog
d:\programing\c++\bank_system_with_users\banksystem\debug\banksystem.tlog\link.10332-rc.read.1.tlog
d:\programing\c++\bank_system_with_users\banksystem\debug\banksystem.tlog\link.10332-rc.write.1.tlog
d:\programing\c++\bank_system_with_users\banksystem\debug\banksystem.tlog\link.10332.read.1.tlog
d:\programing\c++\bank_system_with_users\banksystem\debug\banksystem.tlog\link.10332.write.1.tlog
d:\programing\c++\bank_system_with_users\banksystem\debug\banksystem.tlog\link.command.1.tlog
d:\programing\c++\bank_system_with_users\banksystem\debug\banksystem.tlog\link.read.1.tlog
d:\programing\c++\bank_system_with_users\banksystem\debug\banksystem.tlog\link.write.1.tlog
